# output results of learning. each line is d1 misses as a percentage of d1 accesses
2.04
2.06
1.84
2.17
1.00
0.88
0.91
1.01
1.85
1.83
2.00
1.91
2.01
1.91
1.82
1.90
1.86
1.87
1.81
1.88
1.86
1.84
1.84
1.85
1.79
1.83
1.84
1.92
1.81
1.86
2.07
1.81
1.78
1.86
1.82
1.86
1.77
1.85
1.84
1.81
1.80
1.85
1.85
1.86
1.85
1.82
1.89
1.85
1.81
1.84
1.82
1.86
1.86
1.86
1.85
1.85
1.83
1.81
1.83
1.83
1.86
1.85
1.81
1.86
1.85
1.82
1.80
1.86
1.85
1.84
1.85
1.82
1.82
1.87
1.86
1.82
1.82
1.81
1.80
1.84
1.82
1.87
1.78
1.84
1.84
1.84
1.84
1.84
1.85
1.83
1.82
1.83
1.82
1.83
1.87
1.84
1.86
1.83
1.85
1.85
4.59
4.57
4.59
4.55
4.62
4.60
4.62
4.94
4.59
4.69
4.56
4.61
4.65
4.66
4.87
4.68
5.72
4.60
4.82
4.67
4.56
4.61
4.77
4.59
4.60
4.68
4.71
4.61
4.71
4.79
4.75
4.56
4.66
4.65
4.72
4.52
4.62
4.65
4.82
4.63
4.57
4.58
4.93
4.64
4.64
4.61
4.81
4.72
4.69
4.60
4.77
4.73
4.62
4.79
4.61
4.67
4.83
4.71
4.61
4.69
4.84
4.64
4.66
4.64
4.75
4.71
4.61
4.64
4.85
4.61
4.78
4.71
4.75
4.80
4.64
4.70
4.62
4.72
4.62
4.57
5.03
4.65
4.65
4.61
4.95
4.62
4.61
4.86
4.67
4.54
4.56
4.63
4.71
4.69
4.72
4.66
4.89
4.63
4.61
4.61
