# l1-dcache-loads l1-dcache-load-misses l1-dcache-stores
1278765, 26205, 545544
1280614, 26726, 546079
1280735, 23628, 546148
1284038, 27930, 549189
2739689, 27403, 1400277
2738563, 24228, 1399823
2734047, 24832, 1398080
2739333, 27668, 1401196
1284018, 23746, 545585
1279917, 23464, 545057
1285987, 25661, 547891
1285530, 24540, 547837
1286523, 25873, 614556 
1282718, 24436, 548524
1284894, 23380, 547014
1286789, 24454, 549725
1287482, 23909, 549151
1291834, 24175, 551536
1282646, 23240, 545454
1284519, 24190, 546913
1284483, 23916, 547632
1288087, 23663, 549007
1291814, 23721, 551780
1289032, 23790, 550042
1283471, 23011, 546702
1285307, 23550, 548277
1288696, 23694, 550325
1285067, 24675, 547825
1286230, 23310, 549547
1284118, 23865, 546806
1283526, 26628, 548577
1285561, 23306, 548629
1285022, 22924, 547855
1285277, 23946, 549271
1284136, 23350, 547261
1288815, 23942, 550262
1281072, 22737, 544292
1285075, 23823, 547916
1283988, 23604, 546776
1283056, 23225, 546951
1284081, 23166, 547208
1284753, 23707, 548183
1284704, 23743, 547861
1282685, 23846, 546608
1284574, 23768, 547442
1283323, 23322, 544772
1286707, 24264, 549069
1283999, 23780, 546792
1284805, 23256, 547678
1285144, 23681, 547607
1283829, 23325, 547169
1284072, 23931, 547252
1285719, 23967, 548347
1291579, 23961, 552616
1285401, 23774, 549003
1285008, 23727, 548166
1284999, 23520, 547406
1285508, 23306, 548340
1283195, 23463, 546459
1282339, 23481, 546496
1289938, 24042, 551221
1289474, 23831, 550028
1284290, 23297, 547163
1285754, 23870, 548825
1288248, 23894, 550991
1287199, 23396, 548699
1283485, 23107, 546540
1286851, 23936, 549200
1289021, 23805, 550635
1284482, 23588, 547603
1285716, 23809, 548352
1283530, 23313, 546720
1284224, 23417, 546822
1285423, 24046, 547992
1288522, 23957, 550404
1284089, 23376, 546147
1288811, 23504, 549890
1290067, 23399, 551976
1285540, 23140, 548452
1285981, 23634, 548297
1283580, 23305, 546241
1285372, 24081, 548245
1284758, 22869, 547926
1290021, 23743, 551256
1288977, 23697, 550153
1284600, 23603, 547602
1284902, 23619, 548225
1285107, 23704, 547761
1288852, 23836, 550333
1289304, 23630, 550745
1283524, 23303, 546503
1284211, 23513, 546926
1285199, 23411, 547802
1287026, 23497, 548695
1286774, 24018, 549780
1284126, 23604, 545735
1287338, 23949, 549658
1283208, 23434, 547119
1287998, 23824, 549421
1287449, 23776, 549767
233169, 10692, 123188
233088, 10656, 122460
234696, 10762, 123327
233123, 10599, 122227
229216, 10601, 120430
228299, 10505, 120625
229335, 10593, 121643
230701, 11395, 121181
229515, 10539, 121299
229202, 10758, 120260
229061, 10446, 119711
229357, 10578, 120404
228792, 10634, 120568
230595, 10757, 122497
233207, 11364, 122807
229700, 10754, 121290
228197, 13059, 121100
228908, 10527, 120844
229927, 11072, 121743
229297, 10715, 121380
228786, 10423, 120340
229004, 10552, 120576
235011, 11203, 124855
227890, 10462, 120300
230221, 10595, 121275
229924, 10764, 121757
230007, 10837, 121911
228960, 10558, 120855
230833, 10871, 122169
230422, 11048, 121870
229619, 10898, 121937
229635, 10460, 121388
230264, 10722, 121719
229839, 10678, 121548
229823, 10847, 120870
227864, 10307, 120091
228955, 10588, 120666
230270, 10718, 121497
231109, 11140, 121409
229666, 10624, 121155
230607, 10548, 121906
229066, 10498, 120124
235221, 11590, 125371
230281, 10682, 122109
230119, 10683, 121791
229477, 10574, 120991
230450, 11094, 122265
230380, 10867, 121778
230705, 10822, 122577
230291, 10590, 121087
229756, 10956, 121600
230838, 10924, 121938
229238, 10585, 120937
230315, 11028, 121222
229314, 10566, 120384
229963, 10741, 121986
231443, 11176, 122455
229856, 10837, 121919
229629, 10577, 121281
229316, 10749, 120540
232019, 11238, 123089
229505, 10643, 120554
230061, 10729, 121952
229660, 10667, 120973
229563, 10911, 121480
229922, 10838, 121946
229696, 10583, 121336
229903, 10663, 120657
230642, 11189, 122261
230521, 10631, 121673
231278, 11062, 122103
230762, 10870, 121692
230705, 10954, 122297
231740, 11126, 123027
229423, 10654, 121296
230733, 10833, 122227
230155, 10627, 121261
229619, 10840, 121526
229443, 10603, 121195
228237, 10425, 120630
231172, 11617, 122368
230072, 10691, 121750
229514, 10678, 121457
230126, 10619, 121607
231227, 11456, 122619
229366, 10605, 121146
230235, 10611, 121296
230544, 11203, 122162
233474, 10905, 123478
227943, 10340, 120351
229364, 10457, 121233
229550, 10617, 120587
230230, 10855, 121548
229577, 10769, 120674
229087, 10816, 120465
230931, 10771, 122177
230960, 11289, 122343
230132, 10647, 121718
229079, 10557, 120584
230469, 10625, 121592
